Diagnose log at 2026-06-04T02:47:30Z

AppPath: C:\Program Files\Git\mingw64\bin\git-credential-manager.exe
InstallDir: C:\Program Files\Git\mingw64\bin\
Version: 2.7.3+5fa7116896c82164996a609accd1c5ad90fe730a

------------
Diagnostic: Environment
Skipped: False
Success: True
Exception: None
Log:
OSType: Windows
OSVersion: 10.0 (build 26200)
Reading environment variables... OK
 Variables:
ORIGINAL_TMP=C:/Users/YSEOL2~1/AppData/Local/Temp
ProgramFiles(x86)=C:\Program Files (x86)
MSYSTEM=MINGW64
ProgramW6432=C:\Program Files
EXEPATH=C:\Program Files\Git
PROCESSOR_IDENTIFIER=Intel64 Family 6 Model 158 Stepping 13, GenuineIntel
PKG_CONFIG_SYSTEM_LIBRARY_PATH=C:/Program Files/Git/mingw64/lib
APPDATA=C:\Users\YSeol2208\AppData\Roaming
EFC_7180_1592913036=1
PROCESSOR_ARCHITECTURE=AMD64
INFOPATH=C:\Program Files\Git\mingw64\local\info;C:\Program Files\Git\mingw64\share\info;C:\Program Files\Git\usr\local\info;C:\Program Files\Git\usr\share\info;C:\Program Files\Git\usr\info;C:\Program Files\Git\share\info
PATHEXT=.COM;.EXE;.BAT;.CMD;.VBS;.VBE;.JS;.JSE;.WSF;.WSH;.MSC
TMP=C:\Users\YSEOL2~1\AppData\Local\Temp
USERPROFILE=C:\Users\YSeol2208
PWD=C:/Users/YSeol2208/hello
CONFIG_SITE=C:/Program Files/Git/etc/config.site
PROCESSOR_REVISION=9e0d
OLDPWD=C:/Users/YSeol2208
TEMP=C:\Users\YSEOL2~1\AppData\Local\Temp
FPS_BROWSER_APP_PROFILE_STRING=Internet Explorer
FPS_BROWSER_USER_PROFILE_STRING=Default
LOGONSERVER=\\SWL4-08
TERM=xterm
USERNAME=YSeol2208
ProgramData=C:\ProgramData
GIT_EXEC_PATH=C:/Program Files/Git/mingw64/libexec/git-core
PLINK_PROTOCOL=ssh
COMMONPROGRAMFILES=C:\Program Files\Common Files
_=C:/Program Files/Git/mingw64/bin/git
PATH=C:/Program Files/Git/mingw64/libexec/git-core;C:\Users\YSeol2208\bin;C:\Program Files\Git\mingw64\bin;C:\Program Files\Git\usr\local\bin;C:\Program Files\Git\usr\bin;C:\Program Files\Git\usr\bin;C:\Program Files\Git\mingw64\bin;C:\Program Files\Git\usr\bin;C:\Users\YSeol2208\bin;C:\Program Files\Amazon Corretto\jdk17.0.18_9\bin;C:\WINDOWS\system32;C:\WINDOWS;C:\WINDOWS\System32\Wbem;C:\WINDOWS\System32\WindowsPowerShell\v1.0;C:\WINDOWS\System32\OpenSSH;C:\Program Files\Bandizip;C:\Program Files\Git\cmd;C:\Users\YSeol2208\AppData\Local\Programs\Python\Python313\Scripts;C:\Users\YSeol2208\AppData\Local\Programs\Python\Python313;C:\Users\YSeol2208\AppData\Local\Programs\Python\Launcher;C:\Users\YSeol2208\AppData\Local\Microsoft\WindowsApps;C:\Program Files\Git\usr\bin\vendor_perl;C:\Program Files\Git\usr\bin\core_perl
OneDrive=C:\Users\YSeol2208\OneDrive
LOCALAPPDATA=C:\Users\YSeol2208\AppData\Local
MSYSTEM_CARCH=x86_64
CommonProgramFiles(x86)=C:\Program Files (x86)\Common Files
PKG_CONFIG_SYSTEM_INCLUDE_PATH=C:/Program Files/Git/mingw64/include
PROCESSOR_LEVEL=6
MINGW_CHOST=x86_64-w64-mingw32
HOSTNAME=SWL4-08
HOMEPATH=\Users\YSeol2208
DISPLAY=needs-to-be-defined
MANPATH=C:\Program Files\Git\mingw64\local\man;C:\Program Files\Git\mingw64\share\man;C:\Program Files\Git\usr\local\man;C:\Program Files\Git\usr\share\man;C:\Program Files\Git\usr\man;C:\Program Files\Git\share\man
WINDIR=C:\WINDOWS
USERDOMAIN=SWL4-08
ALLUSERSPROFILE=C:\ProgramData
CommonProgramW6432=C:\Program Files\Common Files
EFC_7180_3789132940=1
EFC_7180_2283032206=1
NUMBER_OF_PROCESSORS=8
SHELL=C:\Program Files\Git\usr\bin\bash.exe
PROGRAMFILES=C:\Program Files
SHLVL=1
SESSIONNAME=Console
DriverData=C:\Windows\System32\Drivers\DriverData
HOMEDRIVE=C:
GIT_TRACE2_PARENT_SID=10945a44-58b3-4847-a300-b4fc79280498
ACLOCAL_PATH=C:\Program Files\Git\mingw64\share\aclocal;C:\Program Files\Git\usr\share\aclocal
ORIGINAL_PATH=C:\Program Files\Git\mingw64\bin;C:\Program Files\Git\usr\bin;C:\Users\YSeol2208\bin;C:\Program Files\Amazon Corretto\jdk17.0.18_9\bin;C:\WINDOWS\system32;C:\WINDOWS;C:\WINDOWS\System32\Wbem;C:\WINDOWS\System32\WindowsPowerShell\v1.0;C:\WINDOWS\System32\OpenSSH;C:\Program Files\Bandizip;C:\Program Files\Git\cmd;C:\Users\YSeol2208\AppData\Local\Programs\Python\Python313\Scripts;C:\Users\YSeol2208\AppData\Local\Programs\Python\Python313;C:\Users\YSeol2208\AppData\Local\Programs\Python\Launcher;C:\Users\YSeol2208\AppData\Local\Microsoft\WindowsApps
OS=Windows_NT
MSYSTEM_PREFIX=C:/Program Files/Git/mingw64
PSModulePath=C:\Program Files\WindowsPowerShell\Modules;C:\WINDOWS\system32\WindowsPowerShell\v1.0\Modules
MSYSTEM_CHOST=x86_64-w64-mingw32
MINGW_PREFIX=C:/Program Files/Git/mingw64
ORIGINAL_TEMP=C:/Users/YSEOL2~1/AppData/Local/Temp
HOME=C:\Users\YSeol2208
EFC_7180_2775293581=1
JAVA_HOME=C:\Program Files\Amazon Corretto\jdk17.0.18_9
SYSTEMDRIVE=C:
EFC_7180_1262719628=1
TMPDIR=C:\Users\YSEOL2~1\AppData\Local\Temp
MINGW_PACKAGE_PREFIX=mingw-w64-x86_64
PS1=\[\033]0;$TITLEPREFIX:$PWD\007\]\n\[\033[32m\]\u@\h \[\033[35m\]$MSYSTEM \[\033[33m\]\w\[\033[36m\]`__git_ps1`\[\033[0m\]\n$ 
COMPUTERNAME=SWL4-08
LC_CTYPE=ko_KR.UTF-8
SSH_ASKPASS=C:/Program Files/Git/mingw64/bin/git-askpass.exe
COMSPEC=C:\WINDOWS\system32\cmd.exe
PKG_CONFIG_PATH=C:\Program Files\Git\mingw64\lib\pkgconfig;C:\Program Files\Git\mingw64\share\pkgconfig
TERM_PROGRAM_VERSION=3.8.2
USERDOMAIN_ROAMINGPROFILE=SWL4-08
SYSTEMROOT=C:\WINDOWS
PUBLIC=C:\Users\Public
TERM_PROGRAM=mintty


------------
Diagnostic: File system
Skipped: False
Success: True
Exception: None
Log:
Temporary directory is 'C:\Users\YSeol2208\AppData\Local\Temp\'...
Checking basic file I/O...
Writing to temporary file 'C:\Users\YSeol2208\AppData\Local\Temp\c070404f9ed533ad73cf00c0'... OK
Reading from temporary file 'C:\Users\YSeol2208\AppData\Local\Temp\c070404f9ed533ad73cf00c0'... OK
Deleting temporary file 'C:\Users\YSeol2208\AppData\Local\Temp\c070404f9ed533ad73cf00c0'... OK
Testing IFileSystem instance...
UserHomePath: C:\Users\YSeol2208
UserDataDirectoryPath: C:\Users\YSeol2208\.gcm
GetCurrentDirectory(): C:\Users\YSeol2208\hello

------------
Diagnostic: Networking
Skipped: False
Success: True
Exception: None
Log:
Checking networking and HTTP stack...
Creating HTTP client... OK
IsNetworkAvailable: True
Sending HEAD request to http://example.com...Sending HEAD request to https://example.com... OK
 OK
Acquiring free TCP port... OK
Testing local HTTP loopback connections...
Creating new HTTP listener for http://localhost:53259/... OK
Waiting for loopback connection... OK
Writing response... OK
Waiting for response data... OK
Loopback connection data OK

------------
Diagnostic: Git
Skipped: False
Success: True
Exception: None
Log:
Getting Git version... OK
Git version is '2.54.0.windows.1'
Locating current repository...Git repository at 'C:/Users/YSeol2208/hello/.git'
 OK
Listing all Git configuration... OK
Git configuration:
file:C:/Program Files/Git/etc/gitconfig	diff.astextplain.textconv=astextplain
file:C:/Program Files/Git/etc/gitconfig	filter.lfs.clean=git-lfs clean -- %f
file:C:/Program Files/Git/etc/gitconfig	filter.lfs.smudge=git-lfs smudge -- %f
file:C:/Program Files/Git/etc/gitconfig	filter.lfs.process=git-lfs filter-process
file:C:/Program Files/Git/etc/gitconfig	filter.lfs.required=true
file:C:/Program Files/Git/etc/gitconfig	http.sslbackend=schannel
file:C:/Program Files/Git/etc/gitconfig	core.autocrlf=true
file:C:/Program Files/Git/etc/gitconfig	core.fscache=true
file:C:/Program Files/Git/etc/gitconfig	core.symlinks=true
file:C:/Program Files/Git/etc/gitconfig	pull.rebase=false
file:C:/Program Files/Git/etc/gitconfig	credential.helper=manager
file:C:/Program Files/Git/etc/gitconfig	credential.https://dev.azure.com.usehttppath=true
file:C:/Program Files/Git/etc/gitconfig	init.defaultbranch=master
file:C:/Users/YSeol2208/.gitconfig	user.email=s2568@e-mirim.hs.kr
file:C:/Users/YSeol2208/.gitconfig	user.name=Yeoseol
file:C:/Users/YSeol2208/.gitconfig	credential.helper=
file:C:/Users/YSeol2208/.gitconfig	credential.helper=C:/Program\ Files/Git/mingw64/bin/git-credential-manager.exe
file:.git/config	core.repositoryformatversion=0
file:.git/config	core.filemode=false
file:.git/config	core.bare=false
file:.git/config	core.logallrefupdates=true
file:.git/config	core.symlinks=false
file:.git/config	core.ignorecase=true
file:.git/config	remote.origin.url=https://github.com/Leeyeoseol/helloworld221.git
file:.git/config	remote.origin.fetch=+refs/heads/*:refs/remotes/origin/*


------------
Diagnostic: Credential storage
Skipped: False
Success: True
Exception: None
Log:
ICredentialStore instance is of type: CredentialStore
Writing test credential... OK
Reading test credential... OK
Deleting test credential... OK

------------
Diagnostic: Microsoft authentication (AAD/MSA)
Skipped: False
Success: True
Exception: None
Log:
Broker is not enabled.
Flow type is: Auto
Gathering MSAL token cache data... OK
CacheDirectory: C:\Users\YSeol2208\AppData\Local\.IdentityService
CacheFileName: msal.cache
CacheFilePath: C:\Users\YSeol2208\AppData\Local\.IdentityService\msal.cache
Creating cache helper... OK
Verifying MSAL token cache persistence... OK

------------
Diagnostic: GitHub API
Skipped: False
Success: True
Exception: None
Log:
Using 'https://github.com/' as API target.
Querying '/meta' endpoint... OK

